<?xml version="1.0" encoding="UTF-8"?>
<!-- Generated by org.testng.reporters.JUnitReportReporter -->
<testsuite hostname="LAPTOP-81MJPDQE" failures="0" tests="1" name="SignInTest" time="23.519" errors="0" timestamp="1 Apr 2020 11:00:45 GMT">
  <testcase classname="SignInTest" name="shouldThrowAnErrorIfSignInDetailsAreMissing" time="23.519"/>
</testsuite> <!-- SignInTest -->
