<?xml version="1.0" encoding="UTF-8"?>
<!-- Generated by org.testng.reporters.JUnitReportReporter -->
<testsuite hostname="LAPTOP-81MJPDQE" failures="0" tests="1" name="HotelBookingTest" time="29.464" errors="0" timestamp="1 Apr 2020 12:16:13 GMT">
  <testcase classname="HotelBookingTest" name="shouldBeAbleToSearchForHotels" time="29.464"/>
</testsuite> <!-- HotelBookingTest -->
