<?xml version="1.0" encoding="UTF-8"?>
<!-- Generated by org.testng.reporters.JUnitReportReporter -->
<testsuite hostname="LAPTOP-81MJPDQE" failures="0" tests="1" name="FlightBookingTest" time="30.596" errors="0" timestamp="1 Apr 2020 11:02:05 GMT">
  <testcase classname="FlightBookingTest" name="testThatResultsAppearForAOneWayJourney" time="30.596"/>
</testsuite> <!-- FlightBookingTest -->
